??? 12, 2018 10:05:36 PM action.EchoServer handleMessageFromClient
INFO: SQL connection succeed
??? 12, 2018 10:05:36 PM action.EchoServer check_user_details
INFO: user1got in to the system
??? 13, 2018 8:21:24 AM action.EchoServer handleMessageFromClient
INFO: SQL connection succeed
??? 13, 2018 8:21:24 AM action.EchoServer check_user_details
INFO: user 6got in to the system
??? 13, 2018 8:21:31 AM action.EchoServer handleMessageFromClient
INFO: SQL connection succeed
??? 13, 2018 8:21:38 AM action.EchoServer handleMessageFromClient
INFO: SQL connection succeed
??? 13, 2018 8:21:40 AM action.EchoServer handleMessageFromClient
INFO: SQL connection succeed
??? 13, 2018 8:21:59 AM action.EchoServer handleMessageFromClient
INFO: SQL connection succeed
??? 13, 2018 8:23:38 AM action.EchoServer handleMessageFromClient
INFO: SQL connection succeed
??? 13, 2018 8:23:45 AM action.EchoServer handleMessageFromClient
INFO: SQL connection succeed
??? 13, 2018 8:23:50 AM action.EchoServer handleMessageFromClient
INFO: SQL connection succeed
??? 13, 2018 8:24:06 AM action.EchoServer handleMessageFromClient
INFO: SQL connection succeed
??? 13, 2018 8:24:09 AM action.EchoServer handleMessageFromClient
INFO: SQL connection succeed
??? 13, 2018 8:24:47 AM action.EchoServer handleMessageFromClient
INFO: SQL connection succeed
??? 13, 2018 8:24:47 AM action.EchoServer check_user_details
INFO: user 6got in to the system
??? 13, 2018 8:24:49 AM action.EchoServer handleMessageFromClient
INFO: SQL connection succeed
??? 13, 2018 8:24:50 AM action.EchoServer handleMessageFromClient
INFO: SQL connection succeed
??? 13, 2018 8:25:01 AM action.EchoServer handleMessageFromClient
INFO: SQL connection succeed
??? 13, 2018 8:25:09 AM action.EchoServer handleMessageFromClient
INFO: SQL connection succeed
??? 13, 2018 8:27:15 AM action.EchoServer handleMessageFromClient
INFO: SQL connection succeed
??? 13, 2018 8:27:15 AM action.EchoServer check_user_details
INFO: user 6got in to the system
??? 13, 2018 8:27:18 AM action.EchoServer handleMessageFromClient
INFO: SQL connection succeed
??? 13, 2018 8:27:19 AM action.EchoServer handleMessageFromClient
INFO: SQL connection succeed
??? 13, 2018 8:27:29 AM action.EchoServer handleMessageFromClient
INFO: SQL connection succeed
??? 13, 2018 8:28:05 AM action.EchoServer handleMessageFromClient
INFO: SQL connection succeed
??? 13, 2018 8:29:32 AM action.EchoServer handleMessageFromClient
INFO: SQL connection succeed
??? 13, 2018 8:29:32 AM action.EchoServer check_user_details
INFO: user 6got in to the system
??? 13, 2018 8:29:34 AM action.EchoServer handleMessageFromClient
INFO: SQL connection succeed
??? 13, 2018 8:29:35 AM action.EchoServer handleMessageFromClient
INFO: SQL connection succeed
??? 13, 2018 8:29:45 AM action.EchoServer handleMessageFromClient
INFO: SQL connection succeed
??? 13, 2018 8:30:02 AM action.EchoServer handleMessageFromClient
INFO: SQL connection succeed
??? 13, 2018 8:30:46 AM action.EchoServer handleMessageFromClient
INFO: SQL connection succeed
??? 13, 2018 8:30:46 AM action.EchoServer check_user_details
INFO: user 6got in to the system
??? 13, 2018 8:30:49 AM action.EchoServer handleMessageFromClient
INFO: SQL connection succeed
??? 13, 2018 8:30:50 AM action.EchoServer handleMessageFromClient
INFO: SQL connection succeed
??? 13, 2018 8:31:03 AM action.EchoServer handleMessageFromClient
INFO: SQL connection succeed
??? 13, 2018 8:31:12 AM action.EchoServer handleMessageFromClient
INFO: SQL connection succeed
??? 13, 2018 8:31:38 AM action.EchoServer handleMessageFromClient
INFO: SQL connection succeed
??? 13, 2018 8:31:38 AM action.EchoServer check_user_details
INFO: user 6got in to the system
??? 13, 2018 8:31:39 AM action.EchoServer handleMessageFromClient
INFO: SQL connection succeed
??? 13, 2018 8:31:41 AM action.EchoServer handleMessageFromClient
INFO: SQL connection succeed
??? 13, 2018 8:31:50 AM action.EchoServer handleMessageFromClient
INFO: SQL connection succeed
??? 13, 2018 8:32:06 AM action.EchoServer handleMessageFromClient
INFO: SQL connection succeed
??? 13, 2018 8:35:15 AM action.EchoServer handleMessageFromClient
INFO: SQL connection succeed
??? 13, 2018 8:35:15 AM action.EchoServer check_user_details
INFO: user 6got in to the system
??? 13, 2018 8:35:16 AM action.EchoServer handleMessageFromClient
INFO: SQL connection succeed
??? 13, 2018 8:35:20 AM action.EchoServer handleMessageFromClient
INFO: SQL connection succeed
??? 13, 2018 8:35:37 AM action.EchoServer handleMessageFromClient
INFO: SQL connection succeed
??? 13, 2018 8:35:41 AM action.EchoServer handleMessageFromClient
INFO: SQL connection succeed
??? 13, 2018 8:36:27 AM action.EchoServer handleMessageFromClient
INFO: SQL connection succeed
??? 13, 2018 8:36:31 AM action.EchoServer handleMessageFromClient
INFO: SQL connection succeed
??? 13, 2018 8:36:36 AM action.EchoServer handleMessageFromClient
INFO: SQL connection succeed
??? 13, 2018 8:38:15 AM action.EchoServer handleMessageFromClient
INFO: SQL connection succeed
??? 13, 2018 8:38:15 AM action.EchoServer check_user_details
INFO: user 6got in to the system
??? 13, 2018 8:38:16 AM action.EchoServer handleMessageFromClient
INFO: SQL connection succeed
??? 13, 2018 8:38:18 AM action.EchoServer handleMessageFromClient
INFO: SQL connection succeed
??? 13, 2018 8:38:29 AM action.EchoServer handleMessageFromClient
INFO: SQL connection succeed
??? 13, 2018 8:38:44 AM action.EchoServer handleMessageFromClient
INFO: SQL connection succeed
??? 13, 2018 8:39:38 AM action.EchoServer handleMessageFromClient
INFO: SQL connection succeed
??? 13, 2018 8:39:38 AM action.EchoServer check_user_details
INFO: user 6got in to the system
??? 13, 2018 8:39:40 AM action.EchoServer handleMessageFromClient
INFO: SQL connection succeed
??? 13, 2018 8:39:41 AM action.EchoServer handleMessageFromClient
INFO: SQL connection succeed
??? 13, 2018 8:39:50 AM action.EchoServer handleMessageFromClient
INFO: SQL connection succeed
??? 13, 2018 8:40:01 AM action.EchoServer handleMessageFromClient
INFO: SQL connection succeed
??? 13, 2018 9:37:46 AM action.EchoServer handleMessageFromClient
INFO: SQL connection succeed
??? 13, 2018 9:37:46 AM action.EchoServer check_user_details
INFO: user 1got in to the system
??? 13, 2018 9:37:51 AM action.EchoServer handleMessageFromClient
INFO: SQL connection succeed
??? 13, 2018 9:37:52 AM action.EchoServer handleMessageFromClient
INFO: SQL connection succeed
??? 13, 2018 9:38:03 AM action.EchoServer handleMessageFromClient
INFO: SQL connection succeed
??? 13, 2018 9:38:09 AM action.EchoServer handleMessageFromClient
INFO: SQL connection succeed
??? 13, 2018 9:38:13 AM action.EchoServer handleMessageFromClient
INFO: SQL connection succeed
??? 13, 2018 9:43:46 AM action.EchoServer handleMessageFromClient
INFO: SQL connection succeed
??? 13, 2018 9:43:47 AM action.EchoServer check_user_details
INFO: user 1got in to the system
??? 13, 2018 9:43:49 AM action.EchoServer handleMessageFromClient
INFO: SQL connection succeed
??? 13, 2018 9:43:50 AM action.EchoServer handleMessageFromClient
INFO: SQL connection succeed
??? 13, 2018 9:43:53 AM action.EchoServer handleMessageFromClient
INFO: SQL connection succeed
??? 13, 2018 9:44:15 AM action.EchoServer handleMessageFromClient
INFO: SQL connection succeed
??? 13, 2018 9:44:43 AM action.EchoServer handleMessageFromClient
INFO: SQL connection succeed
??? 13, 2018 9:44:43 AM action.EchoServer check_user_details
INFO: user 1got in to the system
??? 13, 2018 9:44:46 AM action.EchoServer handleMessageFromClient
INFO: SQL connection succeed
??? 13, 2018 9:44:47 AM action.EchoServer handleMessageFromClient
INFO: SQL connection succeed
??? 13, 2018 9:44:50 AM action.EchoServer handleMessageFromClient
INFO: SQL connection succeed
??? 13, 2018 9:45:03 AM action.EchoServer handleMessageFromClient
INFO: SQL connection succeed
??? 13, 2018 9:49:36 AM action.EchoServer handleMessageFromClient
INFO: SQL connection succeed
??? 13, 2018 9:49:36 AM action.EchoServer check_user_details
INFO: user 1got in to the system
??? 13, 2018 9:49:39 AM action.EchoServer handleMessageFromClient
INFO: SQL connection succeed
??? 13, 2018 9:49:40 AM action.EchoServer handleMessageFromClient
INFO: SQL connection succeed
??? 13, 2018 9:49:46 AM action.EchoServer handleMessageFromClient
INFO: SQL connection succeed
??? 13, 2018 9:50:18 AM action.EchoServer handleMessageFromClient
INFO: SQL connection succeed
??? 13, 2018 9:50:18 AM action.EchoServer check_user_details
INFO: user 1got in to the system
??? 13, 2018 9:50:21 AM action.EchoServer handleMessageFromClient
INFO: SQL connection succeed
??? 13, 2018 9:50:22 AM action.EchoServer handleMessageFromClient
INFO: SQL connection succeed
??? 13, 2018 9:50:37 AM action.EchoServer handleMessageFromClient
INFO: SQL connection succeed
??? 13, 2018 9:51:08 AM action.EchoServer handleMessageFromClient
INFO: SQL connection succeed
??? 13, 2018 9:51:08 AM action.EchoServer check_user_details
INFO: user 1got in to the system
??? 13, 2018 9:51:11 AM action.EchoServer handleMessageFromClient
INFO: SQL connection succeed
??? 13, 2018 9:51:12 AM action.EchoServer handleMessageFromClient
INFO: SQL connection succeed
??? 13, 2018 2:39:04 PM action.EchoServer handleMessageFromClient
INFO: SQL connection succeed
??? 13, 2018 2:39:04 PM action.EchoServer check_user_details
INFO: user 1got in to the system
??? 13, 2018 2:39:57 PM action.EchoServer handleMessageFromClient
INFO: SQL connection succeed
??? 13, 2018 2:39:57 PM action.EchoServer check_user_details
INFO: user 5got in to the system
??? 13, 2018 2:39:59 PM action.EchoServer handleMessageFromClient
INFO: SQL connection succeed
??? 13, 2018 2:39:59 PM action.EchoServer handleMessageFromClient
INFO: SQL connection succeed
??? 13, 2018 2:40:05 PM action.EchoServer handleMessageFromClient
INFO: SQL connection succeed
??? 13, 2018 2:40:58 PM action.EchoServer handleMessageFromClient
INFO: SQL connection succeed
??? 13, 2018 2:40:58 PM action.EchoServer check_user_details
INFO: user 3got in to the system
??? 13, 2018 2:43:54 PM action.EchoServer handleMessageFromClient
INFO: SQL connection succeed
??? 13, 2018 2:43:54 PM action.EchoServer check_user_details
INFO: user 1got in to the system
??? 13, 2018 2:44:17 PM action.EchoServer handleMessageFromClient
INFO: SQL connection succeed
??? 13, 2018 2:44:20 PM action.EchoServer handleMessageFromClient
INFO: SQL connection succeed
??? 13, 2018 2:44:20 PM action.EchoServer check_user_details
INFO: user 3got in to the system
??? 13, 2018 2:44:38 PM action.EchoServer handleMessageFromClient
INFO: SQL connection succeed
??? 13, 2018 2:45:12 PM action.EchoServer handleMessageFromClient
INFO: SQL connection succeed
??? 13, 2018 2:45:12 PM action.EchoServer check_user_details
INFO: user 1got in to the system
??? 13, 2018 2:46:08 PM action.EchoServer handleMessageFromClient
INFO: SQL connection succeed
??? 13, 2018 2:46:11 PM action.EchoServer handleMessageFromClient
INFO: SQL connection succeed
??? 13, 2018 2:46:11 PM action.EchoServer check_user_details
INFO: user 3got in to the system
??? 13, 2018 2:46:13 PM action.EchoServer handleMessageFromClient
INFO: SQL connection succeed
??? 13, 2018 2:46:34 PM action.EchoServer handleMessageFromClient
INFO: SQL connection succeed
??? 13, 2018 2:46:34 PM action.EchoServer check_user_details
INFO: user 1got in to the system
??? 13, 2018 2:46:40 PM action.EchoServer handleMessageFromClient
INFO: SQL connection succeed
??? 13, 2018 2:46:42 PM action.EchoServer handleMessageFromClient
INFO: SQL connection succeed
??? 13, 2018 2:46:42 PM action.EchoServer check_user_details
INFO: user 3got in to the system
??? 13, 2018 2:46:48 PM action.EchoServer handleMessageFromClient
INFO: SQL connection succeed
??? 13, 2018 2:47:24 PM action.EchoServer handleMessageFromClient
INFO: SQL connection succeed
??? 13, 2018 2:47:24 PM action.EchoServer check_user_details
INFO: user 3got in to the system
??? 13, 2018 2:48:08 PM action.EchoServer handleMessageFromClient
INFO: SQL connection succeed
??? 13, 2018 2:48:08 PM action.EchoServer check_user_details
INFO: user 3got in to the system
??? 13, 2018 2:48:19 PM action.EchoServer handleMessageFromClient
INFO: SQL connection succeed
??? 13, 2018 2:48:19 PM action.EchoServer check_user_details
INFO: user 3got in to the system
??? 13, 2018 2:48:21 PM action.EchoServer handleMessageFromClient
INFO: SQL connection succeed
Jan 13, 2018 3:51:22 PM action.EchoServer handleMessageFromClient
INFO: SQL connection succeed
Jan 13, 2018 3:51:22 PM action.EchoServer check_user_details
INFO: user 1got in to the system
Jan 13, 2018 3:51:37 PM action.EchoServer handleMessageFromClient
INFO: SQL connection succeed
Jan 13, 2018 3:51:37 PM action.EchoServer handleMessageFromClient
INFO: SQL connection succeed
Jan 13, 2018 3:51:41 PM action.EchoServer handleMessageFromClient
INFO: SQL connection succeed
Jan 13, 2018 3:52:00 PM action.EchoServer handleMessageFromClient
INFO: SQL connection succeed
Jan 13, 2018 3:52:07 PM action.EchoServer handleMessageFromClient
INFO: SQL connection succeed
Jan 13, 2018 3:52:10 PM action.EchoServer handleMessageFromClient
INFO: SQL connection succeed
Jan 13, 2018 3:52:13 PM action.EchoServer handleMessageFromClient
INFO: SQL connection succeed
Jan 13, 2018 3:52:14 PM action.EchoServer handleMessageFromClient
INFO: SQL connection succeed
Jan 13, 2018 3:52:14 PM action.EchoServer handleMessageFromClient
INFO: SQL connection succeed
Jan 13, 2018 3:54:05 PM action.EchoServer handleMessageFromClient
INFO: SQL connection succeed
Jan 13, 2018 3:54:05 PM action.EchoServer check_user_details
INFO: user 1got in to the system
Jan 13, 2018 3:54:14 PM action.EchoServer handleMessageFromClient
INFO: SQL connection succeed
Jan 13, 2018 3:54:20 PM action.EchoServer handleMessageFromClient
INFO: SQL connection succeed
Jan 13, 2018 3:54:27 PM action.EchoServer handleMessageFromClient
INFO: SQL connection succeed
Jan 13, 2018 3:54:34 PM action.EchoServer handleMessageFromClient
INFO: SQL connection succeed
Jan 13, 2018 3:54:34 PM action.EchoServer handleMessageFromClient
INFO: SQL connection succeed
Jan 13, 2018 3:54:34 PM action.EchoServer handleMessageFromClient
INFO: SQL connection succeed
Jan 13, 2018 3:54:34 PM action.EchoServer handleMessageFromClient
INFO: SQL connection succeed
Jan 13, 2018 3:55:24 PM action.EchoServer handleMessageFromClient
INFO: SQL connection succeed
Jan 13, 2018 3:55:24 PM action.EchoServer handleMessageFromClient
INFO: SQL connection succeed
Jan 13, 2018 3:55:27 PM action.EchoServer handleMessageFromClient
INFO: SQL connection succeed
Jan 13, 2018 3:55:37 PM action.EchoServer handleMessageFromClient
INFO: SQL connection succeed
Jan 13, 2018 3:55:43 PM action.EchoServer handleMessageFromClient
INFO: SQL connection succeed
Jan 13, 2018 3:55:48 PM action.EchoServer handleMessageFromClient
INFO: SQL connection succeed
Jan 13, 2018 3:56:43 PM action.EchoServer handleMessageFromClient
INFO: SQL connection succeed
Jan 13, 2018 3:57:04 PM action.EchoServer handleMessageFromClient
INFO: SQL connection succeed
Jan 13, 2018 3:57:04 PM action.EchoServer check_user_details
INFO: user 1got in to the system
Jan 13, 2018 3:57:09 PM action.EchoServer handleMessageFromClient
INFO: SQL connection succeed
Jan 13, 2018 3:57:09 PM action.EchoServer handleMessageFromClient
INFO: SQL connection succeed
Jan 13, 2018 3:57:13 PM action.EchoServer handleMessageFromClient
INFO: SQL connection succeed
Jan 13, 2018 3:57:22 PM action.EchoServer handleMessageFromClient
INFO: SQL connection succeed
Jan 13, 2018 3:57:26 PM action.EchoServer handleMessageFromClient
INFO: SQL connection succeed
Jan 13, 2018 3:58:25 PM action.EchoServer handleMessageFromClient
INFO: SQL connection succeed
Jan 13, 2018 3:58:49 PM action.EchoServer handleMessageFromClient
INFO: SQL connection succeed
Jan 13, 2018 3:58:49 PM action.EchoServer check_user_details
INFO: user 1got in to the system
Jan 13, 2018 3:58:55 PM action.EchoServer handleMessageFromClient
INFO: SQL connection succeed
Jan 13, 2018 3:58:55 PM action.EchoServer handleMessageFromClient
INFO: SQL connection succeed
Jan 13, 2018 3:58:58 PM action.EchoServer handleMessageFromClient
INFO: SQL connection succeed
Jan 13, 2018 3:59:08 PM action.EchoServer handleMessageFromClient
INFO: SQL connection succeed
Jan 13, 2018 3:59:12 PM action.EchoServer handleMessageFromClient
INFO: SQL connection succeed
Jan 13, 2018 4:00:03 PM action.EchoServer handleMessageFromClient
INFO: SQL connection succeed
Jan 13, 2018 4:00:03 PM action.EchoServer check_user_details
INFO: user 1got in to the system
Jan 13, 2018 4:00:18 PM action.EchoServer handleMessageFromClient
INFO: SQL connection succeed
Jan 13, 2018 4:00:18 PM action.EchoServer check_user_details
INFO: user 1got in to the system
Jan 13, 2018 4:00:28 PM action.EchoServer handleMessageFromClient
INFO: SQL connection succeed
Jan 13, 2018 4:00:28 PM action.EchoServer handleMessageFromClient
INFO: SQL connection succeed
Jan 13, 2018 4:00:31 PM action.EchoServer handleMessageFromClient
INFO: SQL connection succeed
Jan 13, 2018 4:00:40 PM action.EchoServer handleMessageFromClient
INFO: SQL connection succeed
Jan 13, 2018 4:00:45 PM action.EchoServer handleMessageFromClient
INFO: SQL connection succeed
Jan 13, 2018 4:01:42 PM action.EchoServer handleMessageFromClient
INFO: SQL connection succeed
Jan 13, 2018 4:01:42 PM action.EchoServer check_user_details
INFO: user 1got in to the system
Jan 13, 2018 4:01:47 PM action.EchoServer handleMessageFromClient
INFO: SQL connection succeed
Jan 13, 2018 4:01:47 PM action.EchoServer handleMessageFromClient
INFO: SQL connection succeed
Jan 13, 2018 4:01:51 PM action.EchoServer handleMessageFromClient
INFO: SQL connection succeed
Jan 13, 2018 4:02:00 PM action.EchoServer handleMessageFromClient
INFO: SQL connection succeed
Jan 13, 2018 4:02:05 PM action.EchoServer handleMessageFromClient
INFO: SQL connection succeed
Jan 13, 2018 4:03:16 PM action.EchoServer handleMessageFromClient
INFO: SQL connection succeed
Jan 13, 2018 4:03:27 PM action.EchoServer handleMessageFromClient
INFO: SQL connection succeed
Jan 13, 2018 4:03:27 PM action.EchoServer check_user_details
INFO: user 1got in to the system
Jan 13, 2018 4:03:31 PM action.EchoServer handleMessageFromClient
INFO: SQL connection succeed
Jan 13, 2018 4:03:31 PM action.EchoServer handleMessageFromClient
INFO: SQL connection succeed
Jan 13, 2018 4:03:34 PM action.EchoServer handleMessageFromClient
INFO: SQL connection succeed
Jan 13, 2018 4:03:45 PM action.EchoServer handleMessageFromClient
INFO: SQL connection succeed
Jan 13, 2018 4:03:49 PM action.EchoServer handleMessageFromClient
INFO: SQL connection succeed
Jan 13, 2018 4:04:33 PM action.EchoServer handleMessageFromClient
INFO: SQL connection succeed
Jan 13, 2018 4:04:33 PM action.EchoServer check_user_details
INFO: user 1got in to the system
Jan 13, 2018 4:04:44 PM action.EchoServer handleMessageFromClient
INFO: SQL connection succeed
Jan 13, 2018 4:04:44 PM action.EchoServer check_user_details
INFO: user 1got in to the system
Jan 13, 2018 4:04:48 PM action.EchoServer handleMessageFromClient
INFO: SQL connection succeed
Jan 13, 2018 4:04:48 PM action.EchoServer handleMessageFromClient
INFO: SQL connection succeed
Jan 13, 2018 4:04:52 PM action.EchoServer handleMessageFromClient
INFO: SQL connection succeed
Jan 13, 2018 4:05:02 PM action.EchoServer handleMessageFromClient
INFO: SQL connection succeed
Jan 13, 2018 4:05:06 PM action.EchoServer handleMessageFromClient
INFO: SQL connection succeed
Jan 13, 2018 4:05:27 PM action.EchoServer handleMessageFromClient
INFO: SQL connection succeed
Jan 13, 2018 4:05:36 PM action.EchoServer handleMessageFromClient
INFO: SQL connection succeed
Jan 13, 2018 4:05:41 PM action.EchoServer handleMessageFromClient
INFO: SQL connection succeed
Jan 13, 2018 4:08:52 PM action.EchoServer handleMessageFromClient
INFO: SQL connection succeed
Jan 13, 2018 4:09:32 PM action.EchoServer handleMessageFromClient
INFO: SQL connection succeed
Jan 13, 2018 4:09:32 PM action.EchoServer check_user_details
INFO: user 1got in to the system
Jan 13, 2018 4:09:37 PM action.EchoServer handleMessageFromClient
INFO: SQL connection succeed
Jan 13, 2018 4:09:47 PM action.EchoServer handleMessageFromClient
INFO: SQL connection succeed
Jan 13, 2018 4:09:53 PM action.EchoServer handleMessageFromClient
INFO: SQL connection succeed
??? 13, 2018 7:46:57 PM action.EchoServer handleMessageFromClient
INFO: SQL connection succeed
??? 13, 2018 7:46:57 PM action.EchoServer check_user_details
INFO: user 6got in to the system
??? 13, 2018 7:46:59 PM action.EchoServer handleMessageFromClient
INFO: SQL connection succeed
??? 13, 2018 7:47:00 PM action.EchoServer handleMessageFromClient
INFO: SQL connection succeed
??? 13, 2018 7:47:13 PM action.EchoServer handleMessageFromClient
INFO: SQL connection succeed
??? 13, 2018 7:47:21 PM action.EchoServer handleMessageFromClient
INFO: SQL connection succeed
??? 13, 2018 7:47:22 PM action.EchoServer handleMessageFromClient
INFO: SQL connection succeed
??? 13, 2018 7:47:37 PM action.EchoServer handleMessageFromClient
INFO: SQL connection succeed
??? 13, 2018 7:47:41 PM action.EchoServer handleMessageFromClient
INFO: SQL connection succeed
??? 13, 2018 7:47:48 PM action.EchoServer handleMessageFromClient
INFO: SQL connection succeed
Jan 13, 2018 8:15:33 PM action.EchoServer handleMessageFromClient
INFO: SQL connection succeed
Jan 13, 2018 8:15:33 PM action.EchoServer check_user_details
INFO: user 1got in to the system
Jan 13, 2018 8:15:33 PM action.EchoServer change_online_status
INFO: user 1 logged out from ZerLi system
Jan 13, 2018 8:15:53 PM action.EchoServer handleMessageFromClient
INFO: SQL connection succeed
Jan 13, 2018 8:15:55 PM action.EchoServer handleMessageFromClient
INFO: SQL connection succeed
Jan 13, 2018 8:15:55 PM action.EchoServer handleMessageFromClient
INFO: SQL connection succeed
Jan 13, 2018 8:16:08 PM action.EchoServer handleMessageFromClient
INFO: SQL connection succeed
Jan 13, 2018 8:16:11 PM action.EchoServer handleMessageFromClient
INFO: SQL connection succeed
Jan 13, 2018 8:16:11 PM action.EchoServer change_online_status
INFO: user 1 logged out from ZerLi system
Jan 13, 2018 8:25:14 PM action.EchoServer handleMessageFromClient
INFO: SQL connection succeed
Jan 13, 2018 8:25:14 PM action.EchoServer check_user_details
INFO: user 1got in to the system
Jan 13, 2018 8:25:28 PM action.EchoServer handleMessageFromClient
INFO: SQL connection succeed
Jan 13, 2018 8:25:34 PM action.EchoServer handleMessageFromClient
INFO: SQL connection succeed
Jan 13, 2018 8:26:16 PM action.EchoServer handleMessageFromClient
INFO: SQL connection succeed
Jan 13, 2018 8:26:20 PM action.EchoServer handleMessageFromClient
INFO: SQL connection succeed
Jan 13, 2018 8:26:20 PM action.EchoServer handleMessageFromClient
INFO: SQL connection succeed
Jan 13, 2018 8:26:32 PM action.EchoServer handleMessageFromClient
INFO: SQL connection succeed
Jan 13, 2018 8:26:32 PM action.EchoServer handleMessageFromClient
INFO: SQL connection succeed
Jan 13, 2018 8:27:36 PM action.EchoServer handleMessageFromClient
INFO: SQL connection succeed
Jan 13, 2018 8:31:26 PM action.EchoServer handleMessageFromClient
INFO: SQL connection succeed
Jan 13, 2018 8:31:26 PM action.EchoServer check_user_details
INFO: user 1got in to the system
Jan 13, 2018 8:31:30 PM action.EchoServer handleMessageFromClient
INFO: SQL connection succeed
Jan 13, 2018 8:31:31 PM action.EchoServer handleMessageFromClient
INFO: SQL connection succeed
Jan 13, 2018 8:31:31 PM action.EchoServer handleMessageFromClient
INFO: SQL connection succeed
Jan 13, 2018 8:31:45 PM action.EchoServer handleMessageFromClient
INFO: SQL connection succeed
Jan 13, 2018 8:31:45 PM action.EchoServer handleMessageFromClient
INFO: SQL connection succeed
Jan 13, 2018 8:32:04 PM action.EchoServer handleMessageFromClient
ιπε 15, 2018 11:13:35 AM action.EchoServer handleMessageFromClient
INFO: SQL connection succeed
ιπε 15, 2018 11:13:35 AM action.EchoServer check_user_details
INFO: user 1got in to the system
ιπε 15, 2018 11:14:27 AM action.EchoServer handleMessageFromClient
INFO: SQL connection succeed
ιπε 15, 2018 11:14:27 AM action.EchoServer check_user_details
INFO: user 1got in to the system
ιπε 15, 2018 11:15:39 AM action.EchoServer handleMessageFromClient
INFO: SQL connection succeed
ιπε 15, 2018 11:15:39 AM action.EchoServer check_user_details
INFO: user 1got in to the system
ιπε 15, 2018 11:15:48 AM action.EchoServer handleMessageFromClient
INFO: SQL connection succeed
ιπε 15, 2018 11:15:48 AM action.EchoServer check_user_details
INFO: user 1got in to the system
ιπε 15, 2018 11:23:34 AM action.EchoServer handleMessageFromClient
INFO: SQL connection succeed
ιπε 15, 2018 11:23:34 AM action.EchoServer check_user_details
INFO: user 1got in to the system
ιπε 15, 2018 11:23:41 AM action.EchoServer handleMessageFromClient
INFO: SQL connection succeed
ιπε 15, 2018 11:23:41 AM action.EchoServer check_user_details
INFO: user 1got in to the system
ιπε 15, 2018 11:28:09 AM action.EchoServer handleMessageFromClient
INFO: SQL connection succeed
ιπε 15, 2018 11:28:09 AM action.EchoServer check_user_details
INFO: user 1got in to the system
ιπε 15, 2018 11:28:20 AM action.EchoServer handleMessageFromClient
INFO: SQL connection succeed
ιπε 15, 2018 11:28:20 AM action.EchoServer check_user_details
INFO: user 1got in to the system
ιπε 15, 2018 11:28:48 AM action.EchoServer handleMessageFromClient
INFO: SQL connection succeed
ιπε 15, 2018 11:45:44 AM action.EchoServer handleMessageFromClient
INFO: SQL connection succeed
ιπε 15, 2018 11:45:44 AM action.EchoServer check_user_details
INFO: user 1got in to the system
ιπε 15, 2018 11:45:55 AM action.EchoServer handleMessageFromClient
INFO: SQL connection succeed
ιπε 15, 2018 11:48:29 AM action.EchoServer handleMessageFromClient
INFO: SQL connection succeed
ιπε 15, 2018 11:48:29 AM action.EchoServer check_user_details
INFO: user 1got in to the system
ιπε 15, 2018 11:50:49 AM action.EchoServer handleMessageFromClient
INFO: SQL connection succeed
ιπε 15, 2018 11:51:01 AM action.EchoServer handleMessageFromClient
INFO: SQL connection succeed
ιπε 15, 2018 11:51:01 AM action.EchoServer check_user_details
INFO: user 1got in to the system
ιπε 15, 2018 11:51:40 AM action.EchoServer handleMessageFromClient
INFO: SQL connection succeed
ιπε 15, 2018 11:51:40 AM action.EchoServer check_user_details
INFO: user 1got in to the system
ιπε 15, 2018 11:51:48 AM action.EchoServer handleMessageFromClient
INFO: SQL connection succeed
ιπε 15, 2018 11:51:48 AM action.EchoServer check_user_details
INFO: user 1got in to the system
ιπε 15, 2018 11:53:58 AM action.EchoServer handleMessageFromClient
INFO: SQL connection succeed
ιπε 15, 2018 11:53:58 AM action.EchoServer check_user_details
INFO: user 1got in to the system
ιπε 15, 2018 11:54:05 AM action.EchoServer handleMessageFromClient
INFO: SQL connection succeed
ιπε 15, 2018 11:54:05 AM action.EchoServer check_user_details
INFO: user 1got in to the system
ιπε 15, 2018 11:55:06 AM action.EchoServer handleMessageFromClient
INFO: SQL connection succeed
ιπε 15, 2018 11:55:20 AM action.EchoServer handleMessageFromClient
INFO: SQL connection succeed
ιπε 15, 2018 11:55:20 AM action.EchoServer check_user_details
INFO: user 1got in to the system
ιπε 15, 2018 11:55:54 AM action.EchoServer handleMessageFromClient
INFO: SQL connection succeed
ιπε 15, 2018 11:57:10 AM action.EchoServer handleMessageFromClient
INFO: SQL connection succeed
ιπε 15, 2018 11:57:10 AM action.EchoServer check_user_details
INFO: user 1got in to the system
ιπε 15, 2018 11:57:19 AM action.EchoServer handleMessageFromClient
INFO: SQL connection succeed
ιπε 15, 2018 12:15:17 PM action.EchoServer handleMessageFromClient
INFO: SQL connection succeed
ιπε 15, 2018 12:15:17 PM action.EchoServer check_user_details
INFO: user 1got in to the system
ιπε 15, 2018 12:15:21 PM action.EchoServer handleMessageFromClient
INFO: SQL connection succeed
ιπε 15, 2018 12:16:31 PM action.EchoServer handleMessageFromClient
INFO: SQL connection succeed
ιπε 15, 2018 12:16:31 PM action.EchoServer check_user_details
INFO: user 1got in to the system
ιπε 15, 2018 12:16:39 PM action.EchoServer handleMessageFromClient
INFO: SQL connection succeed
ιπε 15, 2018 12:16:39 PM action.EchoServer check_user_details
INFO: user 1got in to the system
ιπε 15, 2018 12:16:42 PM action.EchoServer handleMessageFromClient
INFO: SQL connection succeed
ιπε 15, 2018 12:19:06 PM action.EchoServer handleMessageFromClient
INFO: SQL connection succeed
ιπε 15, 2018 12:19:37 PM action.EchoServer handleMessageFromClient
INFO: SQL connection succeed
ιπε 15, 2018 12:19:37 PM action.EchoServer check_user_details
INFO: user 1got in to the system
ιπε 15, 2018 12:19:39 PM action.EchoServer handleMessageFromClient
INFO: SQL connection succeed
ιπε 15, 2018 12:19:57 PM action.EchoServer handleMessageFromClient
INFO: SQL connection succeed
ιπε 15, 2018 12:26:32 PM action.EchoServer handleMessageFromClient
INFO: SQL connection succeed
ιπε 15, 2018 12:26:32 PM action.EchoServer check_user_details
INFO: user 1got in to the system
ιπε 15, 2018 12:26:35 PM action.EchoServer handleMessageFromClient
INFO: SQL connection succeed
ιπε 15, 2018 12:26:48 PM action.EchoServer handleMessageFromClient
INFO: SQL connection succeed
ιπε 15, 2018 12:29:05 PM action.EchoServer handleMessageFromClient
INFO: SQL connection succeed
ιπε 15, 2018 12:29:05 PM action.EchoServer check_user_details
INFO: user 1got in to the system
ιπε 15, 2018 12:29:08 PM action.EchoServer handleMessageFromClient
INFO: SQL connection succeed
ιπε 15, 2018 12:29:17 PM action.EchoServer handleMessageFromClient
INFO: SQL connection succeed
ιπε 15, 2018 12:53:22 PM action.EchoServer handleMessageFromClient
INFO: SQL connection succeed
ιπε 15, 2018 12:53:22 PM action.EchoServer check_user_details
INFO: user 1got in to the system
ιπε 15, 2018 12:53:25 PM action.EchoServer handleMessageFromClient
INFO: SQL connection succeed
ιπε 15, 2018 12:53:57 PM action.EchoServer handleMessageFromClient
INFO: SQL connection succeed
ιπε 15, 2018 12:56:39 PM action.EchoServer handleMessageFromClient
INFO: SQL connection succeed
ιπε 15, 2018 12:56:39 PM action.EchoServer check_user_details
INFO: user 1got in to the system
ιπε 15, 2018 12:56:42 PM action.EchoServer handleMessageFromClient
INFO: SQL connection succeed
ιπε 15, 2018 12:57:14 PM action.EchoServer handleMessageFromClient
INFO: SQL connection succeed
ιπε 15, 2018 12:59:00 PM action.EchoServer handleMessageFromClient
INFO: SQL connection succeed
ιπε 15, 2018 12:59:00 PM action.EchoServer check_user_details
INFO: user 1got in to the system
ιπε 15, 2018 12:59:04 PM action.EchoServer handleMessageFromClient
INFO: SQL connection succeed
ιπε 15, 2018 12:59:13 PM action.EchoServer handleMessageFromClient
INFO: SQL connection succeed
ιπε 15, 2018 1:00:45 PM action.EchoServer handleMessageFromClient
INFO: SQL connection succeed
ιπε 15, 2018 1:00:45 PM action.EchoServer check_user_details
INFO: user 1got in to the system
ιπε 15, 2018 1:00:48 PM action.EchoServer handleMessageFromClient
INFO: SQL connection succeed
ιπε 15, 2018 1:01:09 PM action.EchoServer handleMessageFromClient
INFO: SQL connection succeed
ιπε 15, 2018 1:05:03 PM action.EchoServer handleMessageFromClient
INFO: SQL connection succeed
ιπε 15, 2018 1:05:03 PM action.EchoServer check_user_details
INFO: user 1got in to the system
ιπε 15, 2018 1:05:06 PM action.EchoServer handleMessageFromClient
INFO: SQL connection succeed
ιπε 15, 2018 1:05:19 PM action.EchoServer handleMessageFromClient
INFO: SQL connection succeed
ιπε 15, 2018 1:07:08 PM action.EchoServer handleMessageFromClient
INFO: SQL connection succeed
ιπε 15, 2018 1:07:08 PM action.EchoServer check_user_details
INFO: user 1got in to the system
ιπε 15, 2018 1:07:11 PM action.EchoServer handleMessageFromClient
INFO: SQL connection succeed
ιπε 15, 2018 1:07:30 PM action.EchoServer handleMessageFromClient
INFO: SQL connection succeed
ιπε 15, 2018 1:19:04 PM action.EchoServer handleMessageFromClient
INFO: SQL connection succeed
ιπε 15, 2018 1:19:04 PM action.EchoServer check_user_details
INFO: user 1got in to the system
ιπε 15, 2018 1:19:14 PM action.EchoServer handleMessageFromClient
INFO: SQL connection succeed
ιπε 15, 2018 1:19:24 PM action.EchoServer handleMessageFromClient
INFO: SQL connection succeed
ιπε 15, 2018 1:22:05 PM action.EchoServer handleMessageFromClient
INFO: SQL connection succeed
ιπε 15, 2018 1:22:05 PM action.EchoServer check_user_details
INFO: user 1got in to the system
ιπε 15, 2018 1:22:05 PM action.EchoServer handleMessageFromClient
INFO: SQL connection succeed
ιπε 15, 2018 1:22:05 PM action.EchoServer check_user_details
INFO: user 1got in to the system
ιπε 15, 2018 1:23:02 PM action.EchoServer handleMessageFromClient
INFO: SQL connection succeed
ιπε 15, 2018 1:24:13 PM action.EchoServer handleMessageFromClient
INFO: SQL connection succeed
ιπε 15, 2018 1:24:38 PM action.EchoServer handleMessageFromClient
INFO: SQL connection succeed
ιπε 15, 2018 1:25:43 PM action.EchoServer handleMessageFromClient
INFO: SQL connection succeed
ιπε 15, 2018 1:26:00 PM action.EchoServer handleMessageFromClient
INFO: SQL connection succeed
ιπε 15, 2018 1:27:12 PM action.EchoServer handleMessageFromClient
INFO: SQL connection succeed
ιπε 15, 2018 8:49:40 PM action.EchoServer handleMessageFromClient
INFO: SQL connection succeed
ιπε 15, 2018 8:49:40 PM action.EchoServer check_user_details
INFO: user 1got in to the system
ιπε 15, 2018 8:49:42 PM action.EchoServer handleMessageFromClient
INFO: SQL connection succeed
ιπε 15, 2018 8:49:43 PM action.EchoServer handleMessageFromClient
INFO: SQL connection succeed
ιπε 15, 2018 8:49:52 PM action.EchoServer handleMessageFromClient
INFO: SQL connection succeed
ιπε 15, 2018 8:49:53 PM action.EchoServer handleMessageFromClient
INFO: SQL connection succeed
ιπε 15, 2018 8:50:02 PM action.EchoServer handleMessageFromClient
INFO: SQL connection succeed
ιπε 15, 2018 8:50:03 PM action.EchoServer handleMessageFromClient
INFO: SQL connection succeed
ιπε 15, 2018 8:50:09 PM action.EchoServer handleMessageFromClient
INFO: SQL connection succeed
ιπε 15, 2018 8:50:10 PM action.EchoServer handleMessageFromClient
INFO: SQL connection succeed
ιπε 15, 2018 8:51:37 PM action.EchoServer handleMessageFromClient
INFO: SQL connection succeed
ιπε 15, 2018 8:55:29 PM action.EchoServer handleMessageFromClient
INFO: SQL connection succeed
ιπε 15, 2018 8:55:29 PM action.EchoServer check_user_details
INFO: user 1got in to the system
ιπε 15, 2018 8:55:32 PM action.EchoServer handleMessageFromClient
INFO: SQL connection succeed
ιπε 15, 2018 8:55:34 PM action.EchoServer handleMessageFromClient
INFO: SQL connection succeed
ιπε 15, 2018 8:55:37 PM action.EchoServer handleMessageFromClient
INFO: SQL connection succeed
ιπε 15, 2018 8:55:38 PM action.EchoServer handleMessageFromClient
INFO: SQL connection succeed
ιπε 15, 2018 8:55:48 PM action.EchoServer handleMessageFromClient
INFO: SQL connection succeed
ιπε 15, 2018 8:56:36 PM action.EchoServer handleMessageFromClient
INFO: SQL connection succeed
ιπε 15, 2018 8:56:36 PM action.EchoServer check_user_details
INFO: user 1got in to the system
ιπε 15, 2018 8:56:39 PM action.EchoServer handleMessageFromClient
INFO: SQL connection succeed
ιπε 15, 2018 8:56:43 PM action.EchoServer handleMessageFromClient
INFO: SQL connection succeed
ιπε 15, 2018 8:56:43 PM action.EchoServer handleMessageFromClient
INFO: SQL connection succeed
ιπε 15, 2018 8:56:52 PM action.EchoServer handleMessageFromClient
INFO: SQL connection succeed
ιπε 15, 2018 8:56:53 PM action.EchoServer handleMessageFromClient
INFO: SQL connection succeed
ιπε 15, 2018 8:57:01 PM action.EchoServer handleMessageFromClient
INFO: SQL connection succeed
ιπε 15, 2018 8:57:03 PM action.EchoServer handleMessageFromClient
INFO: SQL connection succeed
ιπε 15, 2018 8:57:04 PM action.EchoServer handleMessageFromClient
INFO: SQL connection succeed
ιπε 15, 2018 8:57:51 PM action.EchoServer handleMessageFromClient
INFO: SQL connection succeed
ιπε 15, 2018 8:57:51 PM action.EchoServer check_user_details
INFO: user 1got in to the system
ιπε 15, 2018 8:57:53 PM action.EchoServer handleMessageFromClient
INFO: SQL connection succeed
ιπε 15, 2018 8:57:54 PM action.EchoServer handleMessageFromClient
INFO: SQL connection succeed
ιπε 15, 2018 8:57:56 PM action.EchoServer handleMessageFromClient
INFO: SQL connection succeed
ιπε 15, 2018 8:57:57 PM action.EchoServer handleMessageFromClient
INFO: SQL connection succeed
ιπε 15, 2018 8:58:24 PM action.EchoServer handleMessageFromClient
INFO: SQL connection succeed
ιπε 15, 2018 8:58:25 PM action.EchoServer handleMessageFromClient
INFO: SQL connection succeed
ιπε 15, 2018 8:58:35 PM action.EchoServer handleMessageFromClient
INFO: SQL connection succeed
ιπε 15, 2018 8:58:36 PM action.EchoServer handleMessageFromClient
INFO: SQL connection succeed
ιπε 15, 2018 8:59:06 PM action.EchoServer handleMessageFromClient
INFO: SQL connection succeed
ιπε 15, 2018 8:59:14 PM action.EchoServer handleMessageFromClient
INFO: SQL connection succeed
ιπε 15, 2018 8:59:15 PM action.EchoServer handleMessageFromClient
INFO: SQL connection succeed
ιπε 15, 2018 8:59:20 PM action.EchoServer handleMessageFromClient
INFO: SQL connection succeed
ιπε 15, 2018 8:59:21 PM action.EchoServer handleMessageFromClient
INFO: SQL connection succeed
ιπε 15, 2018 8:59:25 PM action.EchoServer handleMessageFromClient
INFO: SQL connection succeed
ιπε 15, 2018 9:01:55 PM action.EchoServer handleMessageFromClient
INFO: SQL connection succeed
ιπε 15, 2018 9:01:55 PM action.EchoServer check_user_details
INFO: user 1got in to the system
ιπε 15, 2018 9:01:57 PM action.EchoServer handleMessageFromClient
INFO: SQL connection succeed
ιπε 15, 2018 9:01:59 PM action.EchoServer handleMessageFromClient
INFO: SQL connection succeed
ιπε 15, 2018 9:02:11 PM action.EchoServer handleMessageFromClient
INFO: SQL connection succeed
ιπε 15, 2018 9:02:12 PM action.EchoServer handleMessageFromClient
INFO: SQL connection succeed
ιπε 15, 2018 9:02:24 PM action.EchoServer handleMessageFromClient
INFO: SQL connection succeed
ιπε 15, 2018 9:03:08 PM action.EchoServer handleMessageFromClient
INFO: SQL connection succeed
ιπε 15, 2018 9:03:08 PM action.EchoServer check_user_details
INFO: user 1got in to the system
ιπε 15, 2018 9:03:10 PM action.EchoServer handleMessageFromClient
INFO: SQL connection succeed
ιπε 15, 2018 9:03:11 PM action.EchoServer handleMessageFromClient
INFO: SQL connection succeed
ιπε 15, 2018 9:03:14 PM action.EchoServer handleMessageFromClient
INFO: SQL connection succeed
ιπε 15, 2018 9:03:14 PM action.EchoServer handleMessageFromClient
INFO: SQL connection succeed
ιπε 15, 2018 9:03:21 PM action.EchoServer handleMessageFromClient
INFO: SQL connection succeed
ιπε 15, 2018 9:03:47 PM action.EchoServer handleMessageFromClient
INFO: SQL connection succeed
ιπε 15, 2018 9:03:47 PM action.EchoServer check_user_details
INFO: user 1got in to the system
ιπε 15, 2018 9:03:50 PM action.EchoServer handleMessageFromClient
INFO: SQL connection succeed
ιπε 15, 2018 9:03:51 PM action.EchoServer handleMessageFromClient
INFO: SQL connection succeed
ιπε 15, 2018 9:03:59 PM action.EchoServer handleMessageFromClient
INFO: SQL connection succeed
ιπε 15, 2018 9:03:59 PM action.EchoServer handleMessageFromClient
INFO: SQL connection succeed
ιπε 15, 2018 9:04:06 PM action.EchoServer handleMessageFromClient
INFO: SQL connection succeed
ιπε 15, 2018 9:04:06 PM action.EchoServer handleMessageFromClient
INFO: SQL connection succeed
ιπε 15, 2018 9:04:24 PM action.EchoServer handleMessageFromClient
INFO: SQL connection succeed
ιπε 15, 2018 9:04:24 PM action.EchoServer handleMessageFromClient
INFO: SQL connection succeed
ιπε 15, 2018 9:04:27 PM action.EchoServer handleMessageFromClient
INFO: SQL connection succeed
ιπε 15, 2018 9:04:48 PM action.EchoServer handleMessageFromClient
INFO: SQL connection succeed
ιπε 15, 2018 9:04:48 PM action.EchoServer check_user_details
INFO: user 1got in to the system
ιπε 15, 2018 9:04:50 PM action.EchoServer handleMessageFromClient
INFO: SQL connection succeed
ιπε 15, 2018 9:04:51 PM action.EchoServer handleMessageFromClient
INFO: SQL connection succeed
ιπε 15, 2018 9:05:01 PM action.EchoServer handleMessageFromClient
INFO: SQL connection succeed
ιπε 15, 2018 9:05:01 PM action.EchoServer handleMessageFromClient
INFO: SQL connection succeed
ιπε 15, 2018 9:05:07 PM action.EchoServer handleMessageFromClient
INFO: SQL connection succeed
ιπε 15, 2018 9:05:08 PM action.EchoServer handleMessageFromClient
INFO: SQL connection succeed
ιπε 15, 2018 9:05:19 PM action.EchoServer handleMessageFromClient
INFO: SQL connection succeed
ιπε 15, 2018 9:05:20 PM action.EchoServer handleMessageFromClient
INFO: SQL connection succeed
ιπε 15, 2018 9:05:22 PM action.EchoServer handleMessageFromClient
INFO: SQL connection succeed
ιπε 15, 2018 9:05:58 PM action.EchoServer handleMessageFromClient
INFO: SQL connection succeed
ιπε 15, 2018 9:05:58 PM action.EchoServer check_user_details
INFO: user 1got in to the system
ιπε 15, 2018 9:06:00 PM action.EchoServer handleMessageFromClient
INFO: SQL connection succeed
ιπε 15, 2018 9:06:01 PM action.EchoServer handleMessageFromClient
INFO: SQL connection succeed
ιπε 15, 2018 9:06:14 PM action.EchoServer handleMessageFromClient
INFO: SQL connection succeed
ιπε 15, 2018 9:06:14 PM action.EchoServer handleMessageFromClient
INFO: SQL connection succeed
ιπε 15, 2018 9:06:19 PM action.EchoServer handleMessageFromClient
INFO: SQL connection succeed
ιπε 15, 2018 9:06:19 PM action.EchoServer handleMessageFromClient
INFO: SQL connection succeed
ιπε 15, 2018 9:06:44 PM action.EchoServer handleMessageFromClient
INFO: SQL connection succeed
ιπε 15, 2018 9:07:10 PM action.EchoServer handleMessageFromClient
INFO: SQL connection succeed
ιπε 15, 2018 9:07:10 PM action.EchoServer check_user_details
INFO: user 1got in to the system
ιπε 15, 2018 9:07:13 PM action.EchoServer handleMessageFromClient
INFO: SQL connection succeed
ιπε 15, 2018 9:07:14 PM action.EchoServer handleMessageFromClient
INFO: SQL connection succeed
ιπε 15, 2018 9:07:22 PM action.EchoServer handleMessageFromClient
INFO: SQL connection succeed
ιπε 15, 2018 9:07:22 PM action.EchoServer handleMessageFromClient
INFO: SQL connection succeed
ιπε 15, 2018 9:07:26 PM action.EchoServer handleMessageFromClient
INFO: SQL connection succeed
ιπε 15, 2018 9:07:26 PM action.EchoServer handleMessageFromClient
INFO: SQL connection succeed
ιπε 15, 2018 9:07:35 PM action.EchoServer handleMessageFromClient
INFO: SQL connection succeed
ιπε 15, 2018 9:13:00 PM action.EchoServer handleMessageFromClient
INFO: SQL connection succeed
ιπε 15, 2018 9:13:00 PM action.EchoServer check_user_details
INFO: user 1got in to the system
ιπε 15, 2018 9:13:03 PM action.EchoServer handleMessageFromClient
INFO: SQL connection succeed
ιπε 15, 2018 9:13:04 PM action.EchoServer handleMessageFromClient
INFO: SQL connection succeed
ιπε 15, 2018 9:13:15 PM action.EchoServer handleMessageFromClient
INFO: SQL connection succeed
ιπε 15, 2018 9:13:15 PM action.EchoServer handleMessageFromClient
INFO: SQL connection succeed
ιπε 15, 2018 9:13:18 PM action.EchoServer handleMessageFromClient
INFO: SQL connection succeed
ιπε 15, 2018 9:13:19 PM action.EchoServer handleMessageFromClient
INFO: SQL connection succeed
ιπε 15, 2018 9:13:23 PM action.EchoServer handleMessageFromClient
INFO: SQL connection succeed
ιπε 15, 2018 9:13:23 PM action.EchoServer handleMessageFromClient
INFO: SQL connection succeed
ιπε 15, 2018 9:14:41 PM action.EchoServer handleMessageFromClient
INFO: SQL connection succeed
ιπε 15, 2018 9:14:41 PM action.EchoServer check_user_details
INFO: user 1got in to the system
ιπε 15, 2018 9:14:51 PM action.EchoServer handleMessageFromClient
INFO: SQL connection succeed
ιπε 15, 2018 9:14:51 PM action.EchoServer check_user_details
INFO: user 1got in to the system
ιπε 15, 2018 9:14:53 PM action.EchoServer handleMessageFromClient
INFO: SQL connection succeed
ιπε 15, 2018 9:14:54 PM action.EchoServer handleMessageFromClient
INFO: SQL connection succeed
ιπε 15, 2018 9:15:01 PM action.EchoServer handleMessageFromClient
INFO: SQL connection succeed
ιπε 15, 2018 9:15:01 PM action.EchoServer handleMessageFromClient
INFO: SQL connection succeed
ιπε 15, 2018 9:15:06 PM action.EchoServer handleMessageFromClient
INFO: SQL connection succeed
ιπε 15, 2018 9:15:06 PM action.EchoServer handleMessageFromClient
INFO: SQL connection succeed
ιπε 15, 2018 9:15:06 PM action.EchoServer handleMessageFromClient
INFO: SQL connection succeed
ιπε 15, 2018 9:16:59 PM action.EchoServer handleMessageFromClient
INFO: SQL connection succeed
ιπε 15, 2018 9:17:06 PM action.EchoServer handleMessageFromClient
INFO: SQL connection succeed
ιπε 15, 2018 9:17:06 PM action.EchoServer check_user_details
INFO: user 1got in to the system
ιπε 15, 2018 9:17:09 PM action.EchoServer handleMessageFromClient
INFO: SQL connection succeed
ιπε 15, 2018 9:17:10 PM action.EchoServer handleMessageFromClient
INFO: SQL connection succeed
ιπε 15, 2018 9:17:22 PM action.EchoServer handleMessageFromClient
INFO: SQL connection succeed
ιπε 15, 2018 9:17:22 PM action.EchoServer handleMessageFromClient
INFO: SQL connection succeed
ιπε 15, 2018 9:17:26 PM action.EchoServer handleMessageFromClient
INFO: SQL connection succeed
ιπε 15, 2018 9:17:32 PM action.EchoServer handleMessageFromClient
INFO: SQL connection succeed
ιπε 15, 2018 9:17:32 PM action.EchoServer handleMessageFromClient
INFO: SQL connection succeed
ιπε 15, 2018 9:17:35 PM action.EchoServer handleMessageFromClient
INFO: SQL connection succeed
ιπε 15, 2018 9:19:24 PM action.EchoServer handleMessageFromClient
INFO: SQL connection succeed
ιπε 15, 2018 9:19:24 PM action.EchoServer check_user_details
INFO: user 1got in to the system
ιπε 15, 2018 9:19:27 PM action.EchoServer handleMessageFromClient
INFO: SQL connection succeed
ιπε 15, 2018 9:19:28 PM action.EchoServer handleMessageFromClient
INFO: SQL connection succeed
ιπε 15, 2018 9:19:35 PM action.EchoServer handleMessageFromClient
INFO: SQL connection succeed
ιπε 15, 2018 9:19:42 PM action.EchoServer handleMessageFromClient
INFO: SQL connection succeed
ιπε 15, 2018 9:19:42 PM action.EchoServer handleMessageFromClient
INFO: SQL connection succeed
ιπε 15, 2018 9:19:45 PM action.EchoServer handleMessageFromClient
INFO: SQL connection succeed
ιπε 15, 2018 9:19:46 PM action.EchoServer handleMessageFromClient
INFO: SQL connection succeed
ιπε 15, 2018 9:19:51 PM action.EchoServer handleMessageFromClient
INFO: SQL connection succeed
ιπε 15, 2018 9:19:52 PM action.EchoServer handleMessageFromClient
INFO: SQL connection succeed
ιπε 15, 2018 9:20:21 PM action.EchoServer handleMessageFromClient
INFO: SQL connection succeed
ιπε 15, 2018 9:21:39 PM action.EchoServer handleMessageFromClient
INFO: SQL connection succeed
ιπε 15, 2018 9:21:39 PM action.EchoServer check_user_details
INFO: user 1got in to the system
ιπε 15, 2018 9:21:42 PM action.EchoServer handleMessageFromClient
INFO: SQL connection succeed
ιπε 15, 2018 9:21:43 PM action.EchoServer handleMessageFromClient
INFO: SQL connection succeed
ιπε 15, 2018 9:21:53 PM action.EchoServer handleMessageFromClient
INFO: SQL connection succeed
ιπε 15, 2018 9:26:41 PM action.EchoServer handleMessageFromClient
INFO: SQL connection succeed
ιπε 15, 2018 9:26:41 PM action.EchoServer check_user_details
INFO: user 1got in to the system
ιπε 15, 2018 9:26:43 PM action.EchoServer handleMessageFromClient
INFO: SQL connection succeed
ιπε 15, 2018 9:26:44 PM action.EchoServer handleMessageFromClient
INFO: SQL connection succeed
ιπε 15, 2018 9:26:46 PM action.EchoServer handleMessageFromClient
INFO: SQL connection succeed
ιπε 15, 2018 9:26:56 PM action.EchoServer handleMessageFromClient
INFO: SQL connection succeed
ιπε 15, 2018 9:27:46 PM action.EchoServer handleMessageFromClient
INFO: SQL connection succeed
ιπε 15, 2018 9:27:46 PM action.EchoServer check_user_details
INFO: user 1got in to the system
ιπε 15, 2018 9:27:48 PM action.EchoServer handleMessageFromClient
INFO: SQL connection succeed
ιπε 15, 2018 9:27:49 PM action.EchoServer handleMessageFromClient
INFO: SQL connection succeed
ιπε 15, 2018 9:27:54 PM action.EchoServer handleMessageFromClient
INFO: SQL connection succeed
ιπε 15, 2018 9:28:13 PM action.EchoServer handleMessageFromClient
INFO: SQL connection succeed
ιπε 15, 2018 9:30:30 PM action.EchoServer handleMessageFromClient
INFO: SQL connection succeed
ιπε 15, 2018 9:30:30 PM action.EchoServer check_user_details
INFO: user 1got in to the system
ιπε 15, 2018 9:30:33 PM action.EchoServer handleMessageFromClient
INFO: SQL connection succeed
ιπε 15, 2018 9:30:34 PM action.EchoServer handleMessageFromClient
INFO: SQL connection succeed
ιπε 15, 2018 9:30:36 PM action.EchoServer handleMessageFromClient
INFO: SQL connection succeed
ιπε 15, 2018 9:30:40 PM action.EchoServer handleMessageFromClient
INFO: SQL connection succeed
ιπε 15, 2018 9:30:40 PM action.EchoServer handleMessageFromClient
INFO: SQL connection succeed
ιπε 15, 2018 9:30:44 PM action.EchoServer handleMessageFromClient
INFO: SQL connection succeed
ιπε 15, 2018 9:30:45 PM action.EchoServer handleMessageFromClient
INFO: SQL connection succeed
ιπε 15, 2018 9:30:58 PM action.EchoServer handleMessageFromClient
INFO: SQL connection succeed
ιπε 15, 2018 9:32:06 PM action.EchoServer handleMessageFromClient
INFO: SQL connection succeed
ιπε 15, 2018 9:32:06 PM action.EchoServer check_user_details
INFO: user 1got in to the system
ιπε 15, 2018 9:32:09 PM action.EchoServer handleMessageFromClient
INFO: SQL connection succeed
ιπε 15, 2018 9:32:10 PM action.EchoServer handleMessageFromClient
INFO: SQL connection succeed
ιπε 15, 2018 9:32:12 PM action.EchoServer handleMessageFromClient
INFO: SQL connection succeed
ιπε 15, 2018 9:32:13 PM action.EchoServer handleMessageFromClient
INFO: SQL connection succeed
ιπε 15, 2018 9:32:18 PM action.EchoServer handleMessageFromClient
INFO: SQL connection succeed
ιπε 15, 2018 9:32:37 PM action.EchoServer handleMessageFromClient
INFO: SQL connection succeed
ιπε 15, 2018 9:32:37 PM action.EchoServer check_user_details
INFO: user 1got in to the system
ιπε 15, 2018 9:32:39 PM action.EchoServer handleMessageFromClient
INFO: SQL connection succeed
ιπε 15, 2018 9:32:40 PM action.EchoServer handleMessageFromClient
INFO: SQL connection succeed
ιπε 15, 2018 9:32:44 PM action.EchoServer handleMessageFromClient
INFO: SQL connection succeed
ιπε 15, 2018 9:32:45 PM action.EchoServer handleMessageFromClient
INFO: SQL connection succeed
ιπε 15, 2018 9:32:57 PM action.EchoServer handleMessageFromClient
INFO: SQL connection succeed
ιπε 15, 2018 9:33:05 PM action.EchoServer handleMessageFromClient
INFO: SQL connection succeed
ιπε 15, 2018 9:33:05 PM action.EchoServer check_user_details
INFO: user 1got in to the system
ιπε 15, 2018 9:33:07 PM action.EchoServer handleMessageFromClient
INFO: SQL connection succeed
ιπε 15, 2018 9:33:07 PM action.EchoServer handleMessageFromClient
INFO: SQL connection succeed
ιπε 15, 2018 9:33:09 PM action.EchoServer handleMessageFromClient
INFO: SQL connection succeed
ιπε 15, 2018 9:33:10 PM action.EchoServer handleMessageFromClient
INFO: SQL connection succeed
ιπε 15, 2018 9:33:13 PM action.EchoServer handleMessageFromClient
INFO: SQL connection succeed
ιπε 15, 2018 9:33:13 PM action.EchoServer handleMessageFromClient
INFO: SQL connection succeed
ιπε 15, 2018 9:33:15 PM action.EchoServer handleMessageFromClient
INFO: SQL connection succeed
ιπε 15, 2018 9:33:16 PM action.EchoServer handleMessageFromClient
INFO: SQL connection succeed
ιπε 15, 2018 9:33:18 PM action.EchoServer handleMessageFromClient
INFO: SQL connection succeed
Jan 16, 2018 1:15:10 PM action.EchoServer handleMessageFromClient
INFO: SQL connection succeed
Jan 16, 2018 1:15:10 PM action.EchoServer check_user_details
INFO: user 1got in to the system
Jan 16, 2018 1:15:33 PM action.EchoServer handleMessageFromClient
INFO: SQL connection succeed
Jan 16, 2018 1:15:52 PM action.EchoServer handleMessageFromClient
INFO: SQL connection succeed
Jan 16, 2018 1:15:52 PM action.EchoServer handleMessageFromClient
INFO: SQL connection succeed
Jan 16, 2018 1:18:44 PM action.EchoServer handleMessageFromClient
INFO: SQL connection succeed
Jan 16, 2018 1:18:44 PM action.EchoServer check_user_details
INFO: user 1got in to the system
Jan 16, 2018 1:19:01 PM action.EchoServer handleMessageFromClient
INFO: SQL connection succeed
Jan 16, 2018 1:19:14 PM action.EchoServer handleMessageFromClient
INFO: SQL connection succeed
Jan 16, 2018 1:28:21 PM action.EchoServer handleMessageFromClient
INFO: SQL connection succeed
Jan 16, 2018 1:28:21 PM action.EchoServer check_user_details
INFO: user 1got in to the system
Jan 16, 2018 1:28:37 PM action.EchoServer handleMessageFromClient
INFO: SQL connection succeed
Jan 16, 2018 1:29:07 PM action.EchoServer handleMessageFromClient
INFO: SQL connection succeed
Jan 16, 2018 1:29:20 PM action.EchoServer handleMessageFromClient
INFO: SQL connection succeed
Jan 16, 2018 1:29:28 PM action.EchoServer handleMessageFromClient
INFO: SQL connection succeed
Jan 16, 2018 1:59:37 PM action.EchoServer handleMessageFromClient
INFO: SQL connection succeed
Jan 16, 2018 1:59:37 PM action.EchoServer check_user_details
INFO: user 1got in to the system
Jan 16, 2018 1:59:52 PM action.EchoServer handleMessageFromClient
INFO: SQL connection succeed
Jan 16, 2018 1:59:52 PM action.EchoServer check_user_details
INFO: user 1got in to the system
Jan 16, 2018 1:59:55 PM action.EchoServer handleMessageFromClient
INFO: SQL connection succeed
Jan 16, 2018 2:00:04 PM action.EchoServer handleMessageFromClient
INFO: SQL connection succeed
Jan 16, 2018 2:01:33 PM action.EchoServer handleMessageFromClient
INFO: SQL connection succeed
Jan 16, 2018 2:02:04 PM action.EchoServer handleMessageFromClient
INFO: SQL connection succeed
Jan 16, 2018 2:02:04 PM action.EchoServer check_user_details
INFO: user 1got in to the system
Jan 16, 2018 2:02:13 PM action.EchoServer handleMessageFromClient
INFO: SQL connection succeed
Jan 16, 2018 2:02:13 PM action.EchoServer check_user_details
INFO: user 1got in to the system
Jan 16, 2018 2:02:16 PM action.EchoServer handleMessageFromClient
INFO: SQL connection succeed
Jan 16, 2018 2:02:19 PM action.EchoServer handleMessageFromClient
INFO: SQL connection succeed
Jan 16, 2018 2:04:17 PM action.EchoServer handleMessageFromClient
INFO: SQL connection succeed
Jan 16, 2018 2:04:17 PM action.EchoServer check_user_details
INFO: user 1got in to the system
Jan 16, 2018 2:04:26 PM action.EchoServer handleMessageFromClient
INFO: SQL connection succeed
Jan 16, 2018 2:04:26 PM action.EchoServer check_user_details
INFO: user 1got in to the system
Jan 16, 2018 2:04:29 PM action.EchoServer handleMessageFromClient
INFO: SQL connection succeed
Jan 16, 2018 2:04:35 PM action.EchoServer handleMessageFromClient
INFO: SQL connection succeed
Jan 16, 2018 2:07:01 PM action.EchoServer handleMessageFromClient
INFO: SQL connection succeed
Jan 16, 2018 2:07:07 PM action.EchoServer handleMessageFromClient
INFO: SQL connection succeed
Jan 16, 2018 2:07:14 PM action.EchoServer handleMessageFromClient
INFO: SQL connection succeed
Jan 16, 2018 2:09:02 PM action.EchoServer handleMessageFromClient
INFO: SQL connection succeed
Jan 16, 2018 2:10:09 PM action.EchoServer handleMessageFromClient
INFO: SQL connection succeed
Jan 16, 2018 2:10:25 PM action.EchoServer handleMessageFromClient
INFO: SQL connection succeed
